<?xml version="1.0" encoding="UTF-8"?>
<!-- Generated by org.testng.reporters.JUnitXMLReporter -->
<testsuite ignored="0" hostname="THOTAV3-TL1" failures="1" tests="1" name="Test" time="55.278" errors="0" timestamp="2021-07-22T07:42:23 IST">
  <testcase classname="testcases.Registration_Page_TC__002" name="TC__001" time="48.282">
    <failure type="java.lang.AssertionError" message="null">
      <![CDATA[java.lang.AssertionError: null
at customizedLibraries.PageActions.clickonCheckBox(PageActions.java:42)
at pages.RegistrationPage.clickOnShowPassword(RegistrationPage.java:121)
at testcases.Registration_Page_TC__002.TC__001(Registration_Page_TC__002.java:28)
at java.base/java.util.ArrayList.forEach(ArrayList.java:1511)
... Removed 29 stack frames]]>
    </failure>
  </testcase> <!-- TC__001 -->
</testsuite> <!-- Test -->
